2022-02-21 17:46:43,356  INFO Util:41 - Starting program...
2022-02-21 17:46:43,375  INFO Util:73 - IdentityNow file seems correct ...
2022-02-21 17:46:43,378  INFO Util:94 - Active Directory accounts file seems correct ...
2022-02-21 17:46:43,395 DEBUG Util:162 - employeeNumber IDS = 15431541
2022-02-21 17:46:43,398 DEBUG Util:162 - employeeNumber IDS = 744320
2022-02-21 17:46:43,400 DEBUG Util:162 - employeeNumber IDS = 15434062
2022-02-21 17:46:43,403 DEBUG Util:162 - employeeNumber IDS = 109544
2022-02-21 17:46:43,405 DEBUG Util:162 - employeeNumber IDS = 598543
2022-02-21 17:46:43,410 DEBUG Util:162 - employeeNumber IDS = 441780
2022-02-21 17:46:43,412 DEBUG Util:162 - employeeNumber IDS = 517449
2022-02-21 17:46:43,414 DEBUG Util:162 - employeeNumber IDS = 598980
2022-02-21 17:46:43,416 DEBUG Util:162 - employeeNumber IDS = 879936
2022-02-21 17:46:43,418 DEBUG Util:162 - employeeNumber IDS = 399676
2022-02-21 17:46:43,420 DEBUG Util:162 - employeeNumber IDS = 15431738
2022-02-21 17:46:43,422 DEBUG Util:162 - employeeNumber IDS = 15432496
2022-02-21 17:46:43,424 DEBUG Util:162 - employeeNumber IDS = 15435665
2022-02-21 17:46:43,427 DEBUG Util:162 - employeeNumber IDS = 15431351
2022-02-21 17:46:43,429 DEBUG Util:162 - employeeNumber IDS = 474406
2022-02-21 17:46:43,432 DEBUG Util:162 - employeeNumber IDS = 749063
2022-02-21 17:46:43,434 DEBUG Util:162 - employeeNumber IDS = 15431650
2022-02-21 17:46:43,436 DEBUG Util:162 - employeeNumber IDS = 837099
2022-02-21 17:46:43,439 DEBUG Util:162 - employeeNumber IDS = 369177
2022-02-21 17:46:43,441 DEBUG Util:162 - employeeNumber IDS = 730150
2022-02-21 17:46:43,442 DEBUG Util:162 - employeeNumber IDS = 679912
2022-02-21 17:46:43,444 DEBUG Util:162 - employeeNumber IDS = 938454
2022-02-21 17:46:43,446 DEBUG Util:162 - employeeNumber IDS = 154990
2022-02-21 17:46:43,448 DEBUG Util:162 - employeeNumber IDS = 121394
2022-02-21 17:46:43,450 DEBUG Util:162 - employeeNumber IDS = 314178
2022-02-21 17:46:43,452 DEBUG Util:162 - employeeNumber IDS = 460140
2022-02-21 17:46:43,453 DEBUG Util:162 - employeeNumber IDS = 516112
2022-02-21 17:46:43,455 DEBUG Util:162 - employeeNumber IDS = 15430043
2022-02-21 17:46:43,457 DEBUG Util:162 - employeeNumber IDS = 730322
2022-02-21 17:46:43,459 DEBUG Util:162 - employeeNumber IDS = 15431265
2022-02-21 17:46:43,461 DEBUG Util:162 - employeeNumber IDS = 101636
2022-02-21 17:46:43,463 DEBUG Util:162 - employeeNumber IDS = 559266
2022-02-21 17:46:43,465 DEBUG Util:162 - employeeNumber IDS = 422688
2022-02-21 17:46:43,467 DEBUG Util:162 - employeeNumber IDS = 463719
2022-02-21 17:46:43,468 DEBUG Util:162 - employeeNumber IDS = 15431035
2022-02-21 17:46:43,470 DEBUG Util:162 - employeeNumber IDS = 503597
2022-02-21 17:46:43,472 DEBUG Util:162 - employeeNumber IDS = 15431743
2022-02-21 17:46:43,474 DEBUG Util:162 - employeeNumber IDS = 763436
2022-02-21 17:46:43,476 DEBUG Util:162 - employeeNumber IDS = 15435768
2022-02-21 17:46:43,478 DEBUG Util:162 - employeeNumber IDS = 15430975
2022-02-21 17:46:43,480 DEBUG Util:162 - employeeNumber IDS = 15432248
2022-02-21 17:46:43,482 DEBUG Util:162 - employeeNumber IDS = 15431214
2022-02-21 17:46:43,483 DEBUG Util:162 - employeeNumber IDS = 652655
2022-02-21 17:46:43,485 DEBUG Util:162 - employeeNumber IDS = 262302
2022-02-21 17:46:43,487 DEBUG Util:162 - employeeNumber IDS = 363795
2022-02-21 17:46:43,488 DEBUG Util:162 - employeeNumber IDS = 837452
2022-02-21 17:46:43,490 DEBUG Util:162 - employeeNumber IDS = 15431756
2022-02-21 17:46:43,492 DEBUG Util:162 - employeeNumber IDS = 15429657
2022-02-21 17:46:43,494 DEBUG Util:162 - employeeNumber IDS = 15431092
2022-02-21 17:46:43,495 DEBUG Util:162 - employeeNumber IDS = 15432940
2022-02-21 17:46:43,497 DEBUG Util:162 - employeeNumber IDS = 395039
2022-02-21 17:46:43,499 DEBUG Util:162 - employeeNumber IDS = 372313
2022-02-21 17:46:43,501 DEBUG Util:162 - employeeNumber IDS = 146181
2022-02-21 17:46:43,502 DEBUG Util:162 - employeeNumber IDS = 847025
2022-02-21 17:46:43,503 DEBUG Util:162 - employeeNumber IDS = 15430131
2022-02-21 17:46:43,505 DEBUG Util:162 - employeeNumber IDS = 749775
2022-02-21 17:46:43,507 DEBUG Util:162 - employeeNumber IDS = 859879
2022-02-21 17:46:43,509 DEBUG Util:162 - employeeNumber IDS = 746829
2022-02-21 17:46:43,511 DEBUG Util:162 - employeeNumber IDS = 305737
2022-02-21 17:46:43,514 DEBUG Util:162 - employeeNumber IDS = 299989
2022-02-21 17:46:43,515 DEBUG Util:162 - employeeNumber IDS = 15432847
2022-02-21 17:46:43,517 DEBUG Util:162 - employeeNumber IDS = 15430806
2022-02-21 17:46:43,518 DEBUG Util:162 - employeeNumber IDS = 15429712
2022-02-21 17:46:43,520 DEBUG Util:162 - employeeNumber IDS = 143929
2022-02-21 17:46:43,522 DEBUG Util:162 - employeeNumber IDS = 15431234
2022-02-21 17:46:43,523 DEBUG Util:162 - employeeNumber IDS = 859753
2022-02-21 17:46:43,525 DEBUG Util:162 - employeeNumber IDS = 211965
2022-02-21 17:46:43,526 DEBUG Util:162 - employeeNumber IDS = 15431233
2022-02-21 17:46:43,527 DEBUG Util:162 - employeeNumber IDS = 565985
2022-02-21 17:46:43,529 DEBUG Util:162 - employeeNumber IDS = 996253
2022-02-21 17:46:43,530 DEBUG Util:162 - employeeNumber IDS = 15430487
2022-02-21 17:46:43,532 DEBUG Util:162 - employeeNumber IDS = 381998
2022-02-21 17:46:43,533 DEBUG Util:162 - employeeNumber IDS = 129854
2022-02-21 17:46:43,535 DEBUG Util:162 - employeeNumber IDS = 480862
2022-02-21 17:46:43,536 DEBUG Util:162 - employeeNumber IDS = 299464
2022-02-21 17:46:43,538 DEBUG Util:162 - employeeNumber IDS = 795376
2022-02-21 17:46:43,539 DEBUG Util:162 - employeeNumber IDS = 928545
2022-02-21 17:46:43,540 DEBUG Util:162 - employeeNumber IDS = 972621
2022-02-21 17:46:43,542 DEBUG Util:162 - employeeNumber IDS = 184074
2022-02-21 17:46:43,543 DEBUG Util:162 - employeeNumber IDS = 621999
2022-02-21 17:46:43,544 DEBUG Util:162 - employeeNumber IDS = 913813
2022-02-21 17:46:43,546 DEBUG Util:162 - employeeNumber IDS = 15431601
2022-02-21 17:46:43,547 DEBUG Util:162 - employeeNumber IDS = 779103
2022-02-21 17:46:43,548 DEBUG Util:162 - employeeNumber IDS = 382853
2022-02-21 17:46:43,551 DEBUG Util:162 - employeeNumber IDS = 820537
2022-02-21 17:46:43,552 DEBUG Util:162 - employeeNumber IDS = 15435342
2022-02-21 17:46:43,553 DEBUG Util:162 - employeeNumber IDS = 727426
2022-02-21 17:46:43,555 DEBUG Util:162 - employeeNumber IDS = 368776
2022-02-21 17:46:43,556 DEBUG Util:162 - employeeNumber IDS = 985789
2022-02-21 17:46:43,558 DEBUG Util:162 - employeeNumber IDS = 574853
2022-02-21 17:46:43,559 DEBUG Util:162 - employeeNumber IDS = 922520
2022-02-21 17:46:43,561 DEBUG Util:162 - employeeNumber IDS = 15429966
2022-02-21 17:46:43,562 DEBUG Util:162 - employeeNumber IDS = 15434128
2022-02-21 17:46:43,564 DEBUG Util:162 - employeeNumber IDS = 15431631
2022-02-21 17:46:43,565 DEBUG Util:162 - employeeNumber IDS = 108883
2022-02-21 17:46:43,566 DEBUG Util:162 - employeeNumber IDS = 402795
2022-02-21 17:46:43,568 DEBUG Util:162 - employeeNumber IDS = 15432284
2022-02-21 17:46:43,569 DEBUG Util:162 - employeeNumber IDS = 15429543
2022-02-21 17:46:43,571 DEBUG Util:162 - employeeNumber IDS = 15429989
2022-02-21 17:46:43,572 DEBUG Util:162 - employeeNumber IDS = 15434282
2022-02-21 17:46:43,573 DEBUG Util:162 - employeeNumber IDS = 15429650
2022-02-21 17:46:43,575 DEBUG Util:162 - employeeNumber IDS = 543535
2022-02-21 17:46:43,576 DEBUG Util:162 - employeeNumber IDS = 15431731
2022-02-21 17:46:43,577 DEBUG Util:162 - employeeNumber IDS = 15430216
2022-02-21 17:46:43,579 DEBUG Util:162 - employeeNumber IDS = 550530
2022-02-21 17:46:43,580 DEBUG Util:162 - employeeNumber IDS = 154790
2022-02-21 17:46:43,582 DEBUG Util:162 - employeeNumber IDS = 121820
2022-02-21 17:46:43,584 DEBUG Util:162 - employeeNumber IDS = 586935
2022-02-21 17:46:43,585 DEBUG Util:162 - employeeNumber IDS = 544125
2022-02-21 17:46:43,586 DEBUG Util:162 - employeeNumber IDS = 768045
2022-02-21 17:46:43,588 DEBUG Util:162 - employeeNumber IDS = 15433046
2022-02-21 17:46:43,589 DEBUG Util:162 - employeeNumber IDS = 15430961
2022-02-21 17:46:43,591 DEBUG Util:162 - employeeNumber IDS = 905191
2022-02-21 17:46:43,592 DEBUG Util:162 - employeeNumber IDS = 15430849
2022-02-21 17:46:43,593 DEBUG Util:162 - employeeNumber IDS = 566661
2022-02-21 17:46:43,595 DEBUG Util:162 - employeeNumber IDS = 710750
2022-02-21 17:46:43,596 DEBUG Util:162 - employeeNumber IDS = 992521
2022-02-21 17:46:43,598 DEBUG Util:162 - employeeNumber IDS = 729019
2022-02-21 17:46:43,599 DEBUG Util:162 - employeeNumber IDS = 650012
2022-02-21 17:46:43,600 DEBUG Util:162 - employeeNumber IDS = 503408
2022-02-21 17:46:43,602 DEBUG Util:162 - employeeNumber IDS = 200038
2022-02-21 17:46:43,603 DEBUG Util:162 - employeeNumber IDS = 996008
2022-02-21 17:46:43,604 DEBUG Util:162 - employeeNumber IDS = 347433
2022-02-21 17:46:43,606 DEBUG Util:162 - employeeNumber IDS = 486539
2022-02-21 17:46:43,607 DEBUG Util:162 - employeeNumber IDS = 167376
2022-02-21 17:46:43,609 DEBUG Util:162 - employeeNumber IDS = 182583
2022-02-21 17:46:43,611 DEBUG Util:162 - employeeNumber IDS = 170086
2022-02-21 17:46:43,613 DEBUG Util:162 - employeeNumber IDS = 240228
2022-02-21 17:46:43,615 DEBUG Util:162 - employeeNumber IDS = 806145
2022-02-21 17:46:43,617 DEBUG Util:162 - employeeNumber IDS = 707218
2022-02-21 17:46:43,618 DEBUG Util:162 - employeeNumber IDS = 669193
2022-02-21 17:46:43,619 DEBUG Util:162 - employeeNumber IDS = 940199
2022-02-21 17:46:43,621 DEBUG Util:162 - employeeNumber IDS = 338220
2022-02-21 17:46:43,622 DEBUG Util:219 - employeeNumber IDI = 744320
2022-02-21 17:46:43,623 DEBUG Util:219 - employeeNumber IDI = 109544
2022-02-21 17:46:43,624 DEBUG Util:219 - employeeNumber IDI = 598543
2022-02-21 17:46:43,625 DEBUG Util:219 - employeeNumber IDI = 441780
2022-02-21 17:46:43,626 DEBUG Util:219 - employeeNumber IDI = 517449
2022-02-21 17:46:43,626 DEBUG Util:219 - employeeNumber IDI = 598980
2022-02-21 17:46:43,627 DEBUG Util:219 - employeeNumber IDI = 669193
2022-02-21 17:46:43,628 DEBUG Util:219 - employeeNumber IDI = 879936
2022-02-21 17:46:43,629 DEBUG Util:219 - employeeNumber IDI = 399676
2022-02-21 17:46:43,630 DEBUG Util:219 - employeeNumber IDI = 474406
2022-02-21 17:46:43,631 DEBUG Util:219 - employeeNumber IDI = 992521
2022-02-21 17:46:43,632 DEBUG Util:219 - employeeNumber IDI = 280612
2022-02-21 17:46:43,633 DEBUG Util:219 - employeeNumber IDI = 749063
2022-02-21 17:46:43,634 DEBUG Util:219 - employeeNumber IDI = 837099
2022-02-21 17:46:43,634 DEBUG Util:219 - employeeNumber IDI = 369177
2022-02-21 17:46:43,635 DEBUG Util:219 - employeeNumber IDI = 730150
2022-02-21 17:46:43,636 DEBUG Util:219 - employeeNumber IDI = 806145
2022-02-21 17:46:43,637 DEBUG Util:219 - employeeNumber IDI = 679912
2022-02-21 17:46:43,637 DEBUG Util:219 - employeeNumber IDI = 938454
2022-02-21 17:46:43,638 DEBUG Util:219 - employeeNumber IDI = 154990
2022-02-21 17:46:43,639 DEBUG Util:219 - employeeNumber IDI = 121394
2022-02-21 17:46:43,640 DEBUG Util:219 - employeeNumber IDI = 314178
2022-02-21 17:46:43,641 DEBUG Util:219 - employeeNumber IDI = 996008
2022-02-21 17:46:43,642 DEBUG Util:219 - employeeNumber IDI = 422521
2022-02-21 17:46:43,643 DEBUG Util:219 - employeeNumber IDI = 354836
2022-02-21 17:46:43,644 DEBUG Util:219 - employeeNumber IDI = 182583
2022-02-21 17:46:43,644 DEBUG Util:219 - employeeNumber IDI = 516112
2022-02-21 17:46:43,645 DEBUG Util:219 - employeeNumber IDI = 460140
2022-02-21 17:46:43,646 DEBUG Util:219 - employeeNumber IDI = 730322
2022-02-21 17:46:43,647 DEBUG Util:219 - employeeNumber IDI = 101636
2022-02-21 17:46:43,648 DEBUG Util:219 - employeeNumber IDI = 559266
2022-02-21 17:46:43,649 DEBUG Util:219 - employeeNumber IDI = 134289
2022-02-21 17:46:43,650 DEBUG Util:219 - employeeNumber IDI = 422688
2022-02-21 17:46:43,650 DEBUG Util:219 - employeeNumber IDI = 463719
2022-02-21 17:46:43,651 DEBUG Util:219 - employeeNumber IDI = 503597
2022-02-21 17:46:43,652 DEBUG Util:219 - employeeNumber IDI = 763436
2022-02-21 17:46:43,653 DEBUG Util:219 - employeeNumber IDI = 486539
2022-02-21 17:46:43,654 DEBUG Util:219 - employeeNumber IDI = 652655
2022-02-21 17:46:43,655 DEBUG Util:219 - employeeNumber IDI = 329683
2022-02-21 17:46:43,656 DEBUG Util:219 - employeeNumber IDI = 262302
2022-02-21 17:46:43,657 DEBUG Util:219 - employeeNumber IDI = 363795
2022-02-21 17:46:43,658 DEBUG Util:219 - employeeNumber IDI = 837452
2022-02-21 17:46:43,658 DEBUG Util:219 - employeeNumber IDI = 395039
2022-02-21 17:46:43,660 DEBUG Util:219 - employeeNumber IDI = 372313
2022-02-21 17:46:43,661 DEBUG Util:219 - employeeNumber IDI = 146181
2022-02-21 17:46:43,661 DEBUG Util:219 - employeeNumber IDI = 847025
2022-02-21 17:46:43,662 DEBUG Util:219 - employeeNumber IDI = 749775
2022-02-21 17:46:43,663 DEBUG Util:219 - employeeNumber IDI = 859879
2022-02-21 17:46:43,664 DEBUG Util:219 - employeeNumber IDI = 746829
2022-02-21 17:46:43,665 DEBUG Util:219 - employeeNumber IDI = 305737
2022-02-21 17:46:43,666 DEBUG Util:219 - employeeNumber IDI = 299989
2022-02-21 17:46:43,667 DEBUG Util:219 - employeeNumber IDI = 650012
2022-02-21 17:46:43,668 DEBUG Util:219 - employeeNumber IDI = 143929
2022-02-21 17:46:43,669 DEBUG Util:219 - employeeNumber IDI = 859753
2022-02-21 17:46:43,670 DEBUG Util:219 - employeeNumber IDI = 211965
2022-02-21 17:46:43,670 DEBUG Util:219 - employeeNumber IDI = 170086
2022-02-21 17:46:43,671 DEBUG Util:219 - employeeNumber IDI = 710750
2022-02-21 17:46:43,672 DEBUG Util:219 - employeeNumber IDI = 565985
2022-02-21 17:46:43,673 DEBUG Util:219 - employeeNumber IDI = 996253
2022-02-21 17:46:43,674 DEBUG Util:219 - employeeNumber IDI = 443618
2022-02-21 17:46:43,675 DEBUG Util:219 - employeeNumber IDI = 381998
2022-02-21 17:46:43,676 DEBUG Util:219 - employeeNumber IDI = 129854
2022-02-21 17:46:43,676 DEBUG Util:219 - employeeNumber IDI = 480862
2022-02-21 17:46:43,677 DEBUG Util:219 - employeeNumber IDI = 240228
2022-02-21 17:46:43,678 DEBUG Util:219 - employeeNumber IDI = 299464
2022-02-21 17:46:43,678 DEBUG Util:219 - employeeNumber IDI = 795376
2022-02-21 17:46:43,679 DEBUG Util:219 - employeeNumber IDI = 707218
2022-02-21 17:46:43,680 DEBUG Util:219 - employeeNumber IDI = 928545
2022-02-21 17:46:43,681 DEBUG Util:219 - employeeNumber IDI = 167376
2022-02-21 17:46:43,681 DEBUG Util:219 - employeeNumber IDI = 972621
2022-02-21 17:46:43,682 DEBUG Util:219 - employeeNumber IDI = 184074
2022-02-21 17:46:43,683 DEBUG Util:219 - employeeNumber IDI = 729019
2022-02-21 17:46:43,684 DEBUG Util:219 - employeeNumber IDI = 621999
2022-02-21 17:46:43,685 DEBUG Util:219 - employeeNumber IDI = 913813
2022-02-21 17:46:43,685 DEBUG Util:219 - employeeNumber IDI = 779103
2022-02-21 17:46:43,686 DEBUG Util:219 - employeeNumber IDI = 382853
2022-02-21 17:46:43,687 DEBUG Util:219 - employeeNumber IDI = 820537
2022-02-21 17:46:43,688 DEBUG Util:219 - employeeNumber IDI = 200038
2022-02-21 17:46:43,689 DEBUG Util:219 - employeeNumber IDI = 727426
2022-02-21 17:46:43,690 DEBUG Util:219 - employeeNumber IDI = 368776
2022-02-21 17:46:43,690 DEBUG Util:219 - employeeNumber IDI = 985789
2022-02-21 17:46:43,691 DEBUG Util:219 - employeeNumber IDI = 574853
2022-02-21 17:46:43,692 DEBUG Util:219 - employeeNumber IDI = 922520
2022-02-21 17:46:43,693 DEBUG Util:219 - employeeNumber IDI = 503408
2022-02-21 17:46:43,694 DEBUG Util:219 - employeeNumber IDI = 108883
2022-02-21 17:46:43,695 DEBUG Util:219 - employeeNumber IDI = 402795
2022-02-21 17:46:43,695 DEBUG Util:219 - employeeNumber IDI = 617479
2022-02-21 17:46:43,696 DEBUG Util:219 - employeeNumber IDI = 543535
2022-02-21 17:46:43,697 DEBUG Util:219 - employeeNumber IDI = 550530
2022-02-21 17:46:43,698 DEBUG Util:219 - employeeNumber IDI = 154790
2022-02-21 17:46:43,698 DEBUG Util:219 - employeeNumber IDI = 121820
2022-02-21 17:46:43,699 DEBUG Util:219 - employeeNumber IDI = 586935
2022-02-21 17:46:43,700 DEBUG Util:219 - employeeNumber IDI = 773629
2022-02-21 17:46:43,701 DEBUG Util:219 - employeeNumber IDI = 544125
2022-02-21 17:46:43,701 DEBUG Util:219 - employeeNumber IDI = 768045
2022-02-21 17:46:43,702 DEBUG Util:219 - employeeNumber IDI = 347433
2022-02-21 17:46:43,703 DEBUG Util:219 - employeeNumber IDI = 905191
2022-02-21 17:46:43,704 DEBUG Util:219 - employeeNumber IDI = 338220
2022-02-21 17:46:43,705 DEBUG Util:219 - employeeNumber IDI = 940199
2022-02-21 17:46:43,705 DEBUG Util:219 - employeeNumber IDI = 566661
2022-02-21 17:46:43,897  INFO Util:387 - --------------------------------------------
2022-02-21 17:46:43,898  INFO Util:388 - Attribute value mismatch
2022-02-21 17:46:43,898  INFO Util:389 - Attribute Name: Work E-mail
2022-02-21 17:46:43,900  INFO Util:390 - Source: Active Directory
2022-02-21 17:46:43,900 DEBUG Util:391 - Value in IdentityNow: amayle@abccorp.com
2022-02-21 17:46:43,901 DEBUG Util:392 - Value in Active Directory: guillermo.fernandez@sailpoint.com
2022-02-21 17:46:43,902 DEBUG Util:393 - SailPoint User Name: 598543
2022-02-21 17:46:44,081  INFO Util:387 - --------------------------------------------
2022-02-21 17:46:44,081  INFO Util:388 - Attribute value mismatch
2022-02-21 17:46:44,081  INFO Util:389 - Attribute Name: Work E-mail
2022-02-21 17:46:44,082  INFO Util:390 - Source: Active Directory
2022-02-21 17:46:44,082 DEBUG Util:391 - Value in IdentityNow: ahuffaker@abccorp123.com
2022-02-21 17:46:44,083 DEBUG Util:392 - Value in Active Directory: ahuffaker@abccorp.com
2022-02-21 17:46:44,083 DEBUG Util:393 - SailPoint User Name: 517449
2022-02-21 17:46:44,247  INFO Util:387 - --------------------------------------------
2022-02-21 17:46:44,247  INFO Util:388 - Attribute value mismatch
2022-02-21 17:46:44,247  INFO Util:389 - Attribute Name: Work E-mail
2022-02-21 17:46:44,247  INFO Util:390 - Source: Active Directory
2022-02-21 17:46:44,248 DEBUG Util:391 - Value in IdentityNow: Aperdue@abccorp.com
2022-02-21 17:46:44,248 DEBUG Util:392 - Value in Active Directory: aperdue@abccorp.com
2022-02-21 17:46:44,249 DEBUG Util:393 - SailPoint User Name: 879936
2022-02-21 17:46:50,681  INFO Util:409 - --------------------------------------------
2022-02-21 17:46:50,686  INFO Util:412 - Total: 133 identities in Active Directory
2022-02-21 17:46:50,688  INFO Util:415 - Total: 100 identities in IdentityNow with attribute: employeeNumber provisioned
2022-02-21 17:46:50,689  INFO Util:418 - Total: 92 Active Directory accounts correlated in IdentityNow
2022-02-21 17:46:50,690  INFO Util:421 - Total: 3 attributes will be synchronized
